This is pdfTeX, Version 3.141592653-2.6-1.40.24 (MiKTeX 21.12.10) (preloaded format=pdflatex 2022.6.14)  5 AUG 2022 18:56
entering extended mode
 restricted \write18 enabled.
 %&-line parsing enabled.
**./presentation.tex
(presentation.tex
LaTeX2e <2022-06-01> pre-release-0 (develop 2022-6-14 branch)
L3 programming layer <2022-06-02>
(/Users/bisrat/Library/Application Support/MiKTeX/texmfs/install/tex/latex/beam
er/beamer.cls
Document Class: beamer 2022/05/17 v3.67 A class for typesetting presentations

(/Users/bisrat/Library/Application Support/MiKTeX/texmfs/install/tex/latex/beam
er/beamerbasemodes.sty
(/Users/bisrat/Library/Application Support/MiKTeX/texmfs/install/tex/latex/etoo
lbox/etoolbox.sty
Package: etoolbox 2020/10/05 v2.5k e-TeX tools for LaTeX (JAW)
\etb@tempcnta=\count185
)
\beamer@tempbox=\box51
\beamer@tempcount=\count186
\c@beamerpauses=\count187

(/Users/bisrat/Library/Application Support/MiKTeX/texmfs/install/tex/latex/beam
er/beamerbasedecode.sty
\beamer@slideinframe=\count188
\beamer@minimum=\count189
\beamer@decode@box=\box52
)
\beamer@commentbox=\box53
\beamer@modecount=\count190
)
(/Users/bisrat/Library/Application Support/MiKTeX/texmfs/install/tex/generic/if
tex/iftex.sty
Package: iftex 2022/02/03 v1.0f TeX engine tests
)
\headdp=\dimen138
\footheight=\dimen139
\sidebarheight=\dimen140
\beamer@tempdim=\dimen141
\beamer@finalheight=\dimen142
\beamer@animht=\dimen143
\beamer@animdp=\dimen144
\beamer@animwd=\dimen145
\beamer@leftmargin=\dimen146
\beamer@rightmargin=\dimen147
\beamer@leftsidebar=\dimen148
\beamer@rightsidebar=\dimen149
\beamer@boxsize=\dimen150
\beamer@vboxoffset=\dimen151
\beamer@descdefault=\dimen152
\beamer@descriptionwidth=\dimen153
\beamer@lastskip=\skip47
\beamer@areabox=\box54
\beamer@animcurrent=\box55
\beamer@animshowbox=\box56
\beamer@sectionbox=\box57
\beamer@logobox=\box58
\beamer@linebox=\box59
\beamer@sectioncount=\count191
\beamer@subsubsectionmax=\count192
\beamer@subsectionmax=\count193
\beamer@sectionmax=\count194
\beamer@totalheads=\count195
\beamer@headcounter=\count196
\beamer@partstartpage=\count197
\beamer@sectionstartpage=\count198
\beamer@subsectionstartpage=\count199
\beamer@animationtempa=\count266
\beamer@animationtempb=\count267
\beamer@xpos=\count268
\beamer@ypos=\count269
\beamer@ypos@offset=\count270
\beamer@showpartnumber=\count271
\beamer@currentsubsection=\count272
\beamer@coveringdepth=\count273
\beamer@sectionadjust=\count274
\beamer@toclastsection=\count275
\beamer@tocsectionnumber=\count276

(/Users/bisrat/Library/Application Support/MiKTeX/texmfs/install/tex/latex/beam
er/beamerbaseoptions.sty
(/Users/bisrat/Library/Application Support/MiKTeX/texmfs/install/tex/latex/grap
hics/keyval.sty
Package: keyval 2022/05/29 v1.15 key=value parser (DPC)
\KV@toks@=\toks16
))
\beamer@paperwidth=\skip48
\beamer@paperheight=\skip49

(/Users/bisrat/Library/Application Support/MiKTeX/texmfs/install/tex/latex/geom
etry/geometry.sty
Package: geometry 2020/01/02 v5.9 Page Geometry

(/Users/bisrat/Library/Application Support/MiKTeX/texmfs/install/tex/generic/if
tex/ifvtex.sty
Package: ifvtex 2019/10/25 v1.7 ifvtex legacy package. Use iftex instead.
)
\Gm@cnth=\count277
\Gm@cntv=\count278
\c@Gm@tempcnt=\count279
\Gm@bindingoffset=\dimen154
\Gm@wd@mp=\dimen155
\Gm@odd@mp=\dimen156
\Gm@even@mp=\dimen157
\Gm@layoutwidth=\dimen158
\Gm@layoutheight=\dimen159
\Gm@layouthoffset=\dimen160
\Gm@layoutvoffset=\dimen161
\Gm@dimlist=\toks17

(/Users/bisrat/Library/Application Support/MiKTeX/texmfs/install/tex/latex/geom
etry/geometry.cfg))
(/Users/bisrat/Library/Application Support/MiKTeX/texmfs/install/tex/latex/pgf/
math/pgfmath.sty
(/Users/bisrat/Library/Application Support/MiKTeX/texmfs/install/tex/latex/pgf/
utilities/pgfrcs.sty
(/Users/bisrat/Library/Application Support/MiKTeX/texmfs/install/tex/generic/pg
f/utilities/pgfutil-common.tex
\pgfutil@everybye=\toks18
\pgfutil@tempdima=\dimen162
\pgfutil@tempdimb=\dimen163

(/Users/bisrat/Library/Application Support/MiKTeX/texmfs/install/tex/generic/pg
f/utilities/pgfutil-common-lists.tex))
(/Users/bisrat/Library/Application Support/MiKTeX/texmfs/install/tex/generic/pg
f/utilities/pgfutil-latex.def
\pgfutil@abb=\box60
)
(/Users/bisrat/Library/Application Support/MiKTeX/texmfs/install/tex/generic/pg
f/utilities/pgfrcs.code.tex
(/Users/bisrat/Library/Application Support/MiKTeX/texmfs/install/tex/generic/pg
f/pgf.revision.tex)
Package: pgfrcs 2021/05/15 v3.1.9a (3.1.9a)
))
(/Users/bisrat/Library/Application Support/MiKTeX/texmfs/install/tex/latex/pgf/
utilities/pgfkeys.sty
(/Users/bisrat/Library/Application Support/MiKTeX/texmfs/install/tex/generic/pg
f/utilities/pgfkeys.code.tex
\pgfkeys@pathtoks=\toks19
\pgfkeys@temptoks=\toks20

(/Users/bisrat/Library/Application Support/MiKTeX/texmfs/install/tex/generic/pg
f/utilities/pgfkeysfiltered.code.tex
\pgfkeys@tmptoks=\toks21
)))
(/Users/bisrat/Library/Application Support/MiKTeX/texmfs/install/tex/generic/pg
f/math/pgfmath.code.tex
(/Users/bisrat/Library/Application Support/MiKTeX/texmfs/install/tex/generic/pg
f/math/pgfmathcalc.code.tex
(/Users/bisrat/Library/Application Support/MiKTeX/texmfs/install/tex/generic/pg
f/math/pgfmathutil.code.tex
\pgf@x=\dimen164
\pgf@xa=\dimen165
\pgf@xb=\dimen166
\pgf@xc=\dimen167
\pgf@y=\dimen168
\pgf@ya=\dimen169
\pgf@yb=\dimen170
\pgf@yc=\dimen171
\c@pgf@counta=\count280
\c@pgf@countb=\count281
\c@pgf@countc=\count282
\c@pgf@countd=\count283
)
(/Users/bisrat/Library/Application Support/MiKTeX/texmfs/install/tex/generic/pg
f/math/pgfmathparser.code.tex
\pgfmath@dimen=\dimen172
\pgfmath@count=\count284
\pgfmath@box=\box61
\pgfmath@toks=\toks22
\pgfmath@stack@operand=\toks23
\pgfmath@stack@operation=\toks24
)
(/Users/bisrat/Library/Application Support/MiKTeX/texmfs/install/tex/generic/pg
f/math/pgfmathfunctions.code.tex
(/Users/bisrat/Library/Application Support/MiKTeX/texmfs/install/tex/generic/pg
f/math/pgfmathfunctions.basic.code.tex)
(/Users/bisrat/Library/Application Support/MiKTeX/texmfs/install/tex/generic/pg
f/math/pgfmathfunctions.trigonometric.code.tex)
(/Users/bisrat/Library/Application Support/MiKTeX/texmfs/install/tex/generic/pg
f/math/pgfmathfunctions.random.code.tex)
(/Users/bisrat/Library/Application Support/MiKTeX/texmfs/install/tex/generic/pg
f/math/pgfmathfunctions.comparison.code.tex)
(/Users/bisrat/Library/Application Support/MiKTeX/texmfs/install/tex/generic/pg
f/math/pgfmathfunctions.base.code.tex)
(/Users/bisrat/Library/Application Support/MiKTeX/texmfs/install/tex/generic/pg
f/math/pgfmathfunctions.round.code.tex)
(/Users/bisrat/Library/Application Support/MiKTeX/texmfs/install/tex/generic/pg
f/math/pgfmathfunctions.misc.code.tex)
(/Users/bisrat/Library/Application Support/MiKTeX/texmfs/install/tex/generic/pg
f/math/pgfmathfunctions.integerarithmetics.code.tex)))
(/Users/bisrat/Library/Application Support/MiKTeX/texmfs/install/tex/generic/pg
f/math/pgfmathfloat.code.tex
\c@pgfmathroundto@lastzeros=\count285
)))
(/Users/bisrat/Library/Application Support/MiKTeX/texmfs/install/tex/latex/base
/size11.clo
File: size11.clo 2021/10/04 v1.4n Standard LaTeX file (size option)
)
(/Users/bisrat/Library/Application Support/MiKTeX/texmfs/install/tex/latex/pgf/
basiclayer/pgfcore.sty
(/Users/bisrat/Library/Application Support/MiKTeX/texmfs/install/tex/latex/grap
hics/graphicx.sty
Package: graphicx 2021/09/16 v1.2d Enhanced LaTeX Graphics (DPC,SPQR)

(/Users/bisrat/Library/Application Support/MiKTeX/texmfs/install/tex/latex/grap
hics/graphics.sty
Package: graphics 2022/03/10 v1.4e Standard LaTeX Graphics (DPC,SPQR)

(/Users/bisrat/Library/Application Support/MiKTeX/texmfs/install/tex/latex/grap
hics/trig.sty
Package: trig 2021/08/11 v1.11 sin cos tan (DPC)
)
(/Users/bisrat/Library/Application Support/MiKTeX/texmfs/install/tex/latex/grap
hics-cfg/graphics.cfg
File: graphics.cfg 2016/06/04 v1.11 sample graphics configuration
)
Package graphics Info: Driver file: pdftex.def on input line 107.

(/Users/bisrat/Library/Application Support/MiKTeX/texmfs/install/tex/latex/grap
hics-def/pdftex.def
File: pdftex.def 2020/10/05 v1.2a Graphics/color driver for pdftex
))
\Gin@req@height=\dimen173
\Gin@req@width=\dimen174
)
(/Users/bisrat/Library/Application Support/MiKTeX/texmfs/install/tex/latex/pgf/
systemlayer/pgfsys.sty
(/Users/bisrat/Library/Application Support/MiKTeX/texmfs/install/tex/generic/pg
f/systemlayer/pgfsys.code.tex
Package: pgfsys 2021/05/15 v3.1.9a (3.1.9a)

(/Users/bisrat/Library/Application Support/MiKTeX/texmfs/install/tex/generic/pg
f/utilities/pgfkeys.code.tex)
\pgf@x=\dimen175
\pgf@y=\dimen176
\pgf@xa=\dimen177
\pgf@ya=\dimen178
\pgf@xb=\dimen179
\pgf@yb=\dimen180
\pgf@xc=\dimen181
\pgf@yc=\dimen182
\pgf@xd=\dimen183
\pgf@yd=\dimen184
\w@pgf@writea=\write3
\r@pgf@reada=\read2
\c@pgf@counta=\count286
\c@pgf@countb=\count287
\c@pgf@countc=\count288
\c@pgf@countd=\count289
\t@pgf@toka=\toks25
\t@pgf@tokb=\toks26
\t@pgf@tokc=\toks27
\pgf@sys@id@count=\count290

(/Users/bisrat/Library/Application Support/MiKTeX/texmfs/install/tex/generic/pg
f/systemlayer/pgf.cfg
File: pgf.cfg 2021/05/15 v3.1.9a (3.1.9a)
)
Driver file for pgf: pgfsys-pdftex.def

(/Users/bisrat/Library/Application Support/MiKTeX/texmfs/install/tex/generic/pg
f/systemlayer/pgfsys-pdftex.def
File: pgfsys-pdftex.def 2021/05/15 v3.1.9a (3.1.9a)

(/Users/bisrat/Library/Application Support/MiKTeX/texmfs/install/tex/generic/pg
f/systemlayer/pgfsys-common-pdf.def
File: pgfsys-common-pdf.def 2021/05/15 v3.1.9a (3.1.9a)
)))
(/Users/bisrat/Library/Application Support/MiKTeX/texmfs/install/tex/generic/pg
f/systemlayer/pgfsyssoftpath.code.tex
File: pgfsyssoftpath.code.tex 2021/05/15 v3.1.9a (3.1.9a)
\pgfsyssoftpath@smallbuffer@items=\count291
\pgfsyssoftpath@bigbuffer@items=\count292
)
(/Users/bisrat/Library/Application Support/MiKTeX/texmfs/install/tex/generic/pg
f/systemlayer/pgfsysprotocol.code.tex
File: pgfsysprotocol.code.tex 2021/05/15 v3.1.9a (3.1.9a)
))
(/Users/bisrat/Library/Application Support/MiKTeX/texmfs/install/tex/latex/xcol
or/xcolor.sty
Package: xcolor 2021/10/31 v2.13 LaTeX color extensions (UK)

(/Users/bisrat/Library/Application Support/MiKTeX/texmfs/install/tex/latex/grap
hics-cfg/color.cfg
File: color.cfg 2016/01/02 v1.6 sample color configuration
)
Package xcolor Info: Driver file: pdftex.def on input line 227.

(/Users/bisrat/Library/Application Support/MiKTeX/texmfs/install/tex/latex/colo
rtbl/colortbl.sty
Package: colortbl 2020/01/04 v1.0e Color table columns (DPC)

(/Users/bisrat/Library/Application Support/MiKTeX/texmfs/install/tex/latex/tool
s/array.sty
Package: array 2021/10/04 v2.5f Tabular extension package (FMi)
\col@sep=\dimen185
\ar@mcellbox=\box62
\extrarowheight=\dimen186
\NC@list=\toks28
\extratabsurround=\skip50
\backup@length=\skip51
\ar@cellbox=\box63
)
\everycr=\toks29
\minrowclearance=\skip52
)
\rownum=\count293
Package xcolor Info: Model `cmy' substituted by `cmy0' on input line 1352.
Package xcolor Info: Model `hsb' substituted by `rgb' on input line 1356.
Package xcolor Info: Model `RGB' extended on input line 1368.
Package xcolor Info: Model `HTML' substituted by `rgb' on input line 1370.
Package xcolor Info: Model `Hsb' substituted by `hsb' on input line 1371.
Package xcolor Info: Model `tHsb' substituted by `hsb' on input line 1372.
Package xcolor Info: Model `HSB' substituted by `hsb' on input line 1373.
Package xcolor Info: Model `Gray' substituted by `gray' on input line 1374.
Package xcolor Info: Model `wave' substituted by `hsb' on input line 1375.
)
(/Users/bisrat/Library/Application Support/MiKTeX/texmfs/install/tex/generic/pg
f/basiclayer/pgfcore.code.tex
Package: pgfcore 2021/05/15 v3.1.9a (3.1.9a)

(/Users/bisrat/Library/Application Support/MiKTeX/texmfs/install/tex/generic/pg
f/math/pgfmath.code.tex)
(/Users/bisrat/Library/Application Support/MiKTeX/texmfs/install/tex/generic/pg
f/math/pgfint.code.tex)
(/Users/bisrat/Library/Application Support/MiKTeX/texmfs/install/tex/generic/pg
f/basiclayer/pgfcorepoints.code.tex
File: pgfcorepoints.code.tex 2021/05/15 v3.1.9a (3.1.9a)
\pgf@picminx=\dimen187
\pgf@picmaxx=\dimen188
\pgf@picminy=\dimen189
\pgf@picmaxy=\dimen190
\pgf@pathminx=\dimen191
\pgf@pathmaxx=\dimen192
\pgf@pathminy=\dimen193
\pgf@pathmaxy=\dimen194
\pgf@xx=\dimen195
\pgf@xy=\dimen196
\pgf@yx=\dimen197
\pgf@yy=\dimen198
\pgf@zx=\dimen199
\pgf@zy=\dimen256
)
(/Users/bisrat/Library/Application Support/MiKTeX/texmfs/install/tex/generic/pg
f/basiclayer/pgfcorepathconstruct.code.tex
File: pgfcorepathconstruct.code.tex 2021/05/15 v3.1.9a (3.1.9a)
\pgf@path@lastx=\dimen257
\pgf@path@lasty=\dimen258
)
(/Users/bisrat/Library/Application Support/MiKTeX/texmfs/install/tex/generic/pg
f/basiclayer/pgfcorepathusage.code.tex
File: pgfcorepathusage.code.tex 2021/05/15 v3.1.9a (3.1.9a)
\pgf@shorten@end@additional=\dimen259
\pgf@shorten@start@additional=\dimen260
)
(/Users/bisrat/Library/Application Support/MiKTeX/texmfs/install/tex/generic/pg
f/basiclayer/pgfcorescopes.code.tex
File: pgfcorescopes.code.tex 2021/05/15 v3.1.9a (3.1.9a)
\pgfpic=\box64
\pgf@hbox=\box65
\pgf@layerbox@main=\box66
\pgf@picture@serial@count=\count294
)
(/Users/bisrat/Library/Application Support/MiKTeX/texmfs/install/tex/generic/pg
f/basiclayer/pgfcoregraphicstate.code.tex
File: pgfcoregraphicstate.code.tex 2021/05/15 v3.1.9a (3.1.9a)
\pgflinewidth=\dimen261
)
(/Users/bisrat/Library/Application Support/MiKTeX/texmfs/install/tex/generic/pg
f/basiclayer/pgfcoretransformations.code.tex
File: pgfcoretransformations.code.tex 2021/05/15 v3.1.9a (3.1.9a)
\pgf@pt@x=\dimen262
\pgf@pt@y=\dimen263
\pgf@pt@temp=\dimen264
)
(/Users/bisrat/Library/Application Support/MiKTeX/texmfs/install/tex/generic/pg
f/basiclayer/pgfcorequick.code.tex
File: pgfcorequick.code.tex 2021/05/15 v3.1.9a (3.1.9a)
)
(/Users/bisrat/Library/Application Support/MiKTeX/texmfs/install/tex/generic/pg
f/basiclayer/pgfcoreobjects.code.tex
File: pgfcoreobjects.code.tex 2021/05/15 v3.1.9a (3.1.9a)
)
(/Users/bisrat/Library/Application Support/MiKTeX/texmfs/install/tex/generic/pg
f/basiclayer/pgfcorepathprocessing.code.tex
File: pgfcorepathprocessing.code.tex 2021/05/15 v3.1.9a (3.1.9a)
)
(/Users/bisrat/Library/Application Support/MiKTeX/texmfs/install/tex/generic/pg
f/basiclayer/pgfcorearrows.code.tex
File: pgfcorearrows.code.tex 2021/05/15 v3.1.9a (3.1.9a)
\pgfarrowsep=\dimen265
)
(/Users/bisrat/Library/Application Support/MiKTeX/texmfs/install/tex/generic/pg
f/basiclayer/pgfcoreshade.code.tex
File: pgfcoreshade.code.tex 2021/05/15 v3.1.9a (3.1.9a)
\pgf@max=\dimen266
\pgf@sys@shading@range@num=\count295
\pgf@shadingcount=\count296
)
(/Users/bisrat/Library/Application Support/MiKTeX/texmfs/install/tex/generic/pg
f/basiclayer/pgfcoreimage.code.tex
File: pgfcoreimage.code.tex 2021/05/15 v3.1.9a (3.1.9a)

(/Users/bisrat/Library/Application Support/MiKTeX/texmfs/install/tex/generic/pg
f/basiclayer/pgfcoreexternal.code.tex
File: pgfcoreexternal.code.tex 2021/05/15 v3.1.9a (3.1.9a)
\pgfexternal@startupbox=\box67
))
(/Users/bisrat/Library/Application Support/MiKTeX/texmfs/install/tex/generic/pg
f/basiclayer/pgfcorelayers.code.tex
File: pgfcorelayers.code.tex 2021/05/15 v3.1.9a (3.1.9a)
)
(/Users/bisrat/Library/Application Support/MiKTeX/texmfs/install/tex/generic/pg
f/basiclayer/pgfcoretransparency.code.tex
File: pgfcoretransparency.code.tex 2021/05/15 v3.1.9a (3.1.9a)
)
(/Users/bisrat/Library/Application Support/MiKTeX/texmfs/install/tex/generic/pg
f/basiclayer/pgfcorepatterns.code.tex
File: pgfcorepatterns.code.tex 2021/05/15 v3.1.9a (3.1.9a)
)
(/Users/bisrat/Library/Application Support/MiKTeX/texmfs/install/tex/generic/pg
f/basiclayer/pgfcorerdf.code.tex
File: pgfcorerdf.code.tex 2021/05/15 v3.1.9a (3.1.9a)
)))
(/Users/bisrat/Library/Application Support/MiKTeX/texmfs/install/tex/latex/pgf/
utilities/xxcolor.sty
Package: xxcolor 2003/10/24 ver 0.1
\XC@nummixins=\count297
\XC@countmixins=\count298
)
(/Users/bisrat/Library/Application Support/MiKTeX/texmfs/install/tex/latex/base
/atbegshi-ltx.sty
Package: atbegshi-ltx 2021/01/10 v1.0c Emulation of the original atbegshi
package with kernel methods
)
(/Users/bisrat/Library/Application Support/MiKTeX/texmfs/install/tex/latex/hype
rref/hyperref.sty
Package: hyperref 2022-05-17 v7.00q Hypertext links for LaTeX

(/Users/bisrat/Library/Application Support/MiKTeX/texmfs/install/tex/generic/lt
xcmds/ltxcmds.sty
Package: ltxcmds 2020-05-10 v1.25 LaTeX kernel commands for general use (HO)
)
(/Users/bisrat/Library/Application Support/MiKTeX/texmfs/install/tex/generic/pd
ftexcmds/pdftexcmds.sty
Package: pdftexcmds 2020-06-27 v0.33 Utility functions of pdfTeX for LuaTeX (HO
)

(/Users/bisrat/Library/Application Support/MiKTeX/texmfs/install/tex/generic/in
fwarerr/infwarerr.sty
Package: infwarerr 2019/12/03 v1.5 Providing info/warning/error messages (HO)
)
Package pdftexcmds Info: \pdf@primitive is available.
Package pdftexcmds Info: \pdf@ifprimitive is available.
Package pdftexcmds Info: \pdfdraftmode found.
)
(/Users/bisrat/Library/Application Support/MiKTeX/texmfs/install/tex/generic/kv
setkeys/kvsetkeys.sty
Package: kvsetkeys 2019/12/15 v1.18 Key value parser (HO)
)
(/Users/bisrat/Library/Application Support/MiKTeX/texmfs/install/tex/generic/kv
definekeys/kvdefinekeys.sty
Package: kvdefinekeys 2019-12-19 v1.6 Define keys (HO)
)
(/Users/bisrat/Library/Application Support/MiKTeX/texmfs/install/tex/generic/pd
fescape/pdfescape.sty
Package: pdfescape 2019/12/09 v1.15 Implements pdfTeX's escape features (HO)
)
(/Users/bisrat/Library/Application Support/MiKTeX/texmfs/install/tex/latex/hyco
lor/hycolor.sty
Package: hycolor 2020-01-27 v1.10 Color options for hyperref/bookmark (HO)
)
(/Users/bisrat/Library/Application Support/MiKTeX/texmfs/install/tex/latex/letl
txmacro/letltxmacro.sty
Package: letltxmacro 2019/12/03 v1.6 Let assignment for LaTeX macros (HO)
)
(/Users/bisrat/Library/Application Support/MiKTeX/texmfs/install/tex/latex/auxh
ook/auxhook.sty
Package: auxhook 2019-12-17 v1.6 Hooks for auxiliary files (HO)
)
(/Users/bisrat/Library/Application Support/MiKTeX/texmfs/install/tex/latex/hype
rref/nameref.sty
Package: nameref 2022-05-17 v2.50 Cross-referencing by name of section

(/Users/bisrat/Library/Application Support/MiKTeX/texmfs/install/tex/latex/refc
ount/refcount.sty
Package: refcount 2019/12/15 v3.6 Data extraction from label references (HO)
)
(/Users/bisrat/Library/Application Support/MiKTeX/texmfs/install/tex/generic/ge
ttitlestring/gettitlestring.sty
Package: gettitlestring 2019/12/15 v1.6 Cleanup title references (HO)

(/Users/bisrat/Library/Application Support/MiKTeX/texmfs/install/tex/latex/kvop
tions/kvoptions.sty
Package: kvoptions 2020-10-07 v3.14 Key value format for package options (HO)
))
\c@section@level=\count299
)
\@linkdim=\dimen267
\Hy@linkcounter=\count300
\Hy@pagecounter=\count301

(/Users/bisrat/Library/Application Support/MiKTeX/texmfs/install/tex/latex/hype
rref/pd1enc.def
File: pd1enc.def 2022-05-17 v7.00q Hyperref: PDFDocEncoding definition (HO)
Now handling font encoding PD1 ...
... no UTF-8 mapping file for font encoding PD1
)
(/Users/bisrat/Library/Application Support/MiKTeX/texmfs/install/tex/generic/in
tcalc/intcalc.sty
Package: intcalc 2019/12/15 v1.3 Expandable calculations with integers (HO)
)
(/Users/bisrat/Library/Application Support/MiKTeX/texmfs/install/tex/generic/et
excmds/etexcmds.sty
Package: etexcmds 2019/12/15 v1.7 Avoid name clashes with e-TeX commands (HO)
)
\Hy@SavedSpaceFactor=\count302

(/Users/bisrat/Library/Application Support/MiKTeX/texmfs/install/tex/latex/hype
rref/puenc.def
File: puenc.def 2022-05-17 v7.00q Hyperref: PDF Unicode definition (HO)
Now handling font encoding PU ...
... no UTF-8 mapping file for font encoding PU
)
Package hyperref Info: Option `bookmarks' set `true' on input line 4020.
Package hyperref Info: Option `bookmarksopen' set `true' on input line 4020.
Package hyperref Info: Option `implicit' set `false' on input line 4020.
Package hyperref Info: Hyper figures OFF on input line 4139.
Package hyperref Info: Link nesting OFF on input line 4144.
Package hyperref Info: Hyper index ON on input line 4147.
Package hyperref Info: Plain pages OFF on input line 4154.
Package hyperref Info: Backreferencing OFF on input line 4159.
Package hyperref Info: Implicit mode OFF; no redefinition of LaTeX internals.
Package hyperref Info: Bookmarks ON on input line 4385.
\c@Hy@tempcnt=\count303

(/Users/bisrat/Library/Application Support/MiKTeX/texmfs/install/tex/latex/url/
url.sty
\Urlmuskip=\muskip16
Package: url 2013/09/16  ver 3.4  Verb mode for urls, etc.
)
LaTeX Info: Redefining \url on input line 4723.
\XeTeXLinkMargin=\dimen268

(/Users/bisrat/Library/Application Support/MiKTeX/texmfs/install/tex/generic/bi
tset/bitset.sty
Package: bitset 2019/12/09 v1.3 Handle bit-vector datatype (HO)

(/Users/bisrat/Library/Application Support/MiKTeX/texmfs/install/tex/generic/bi
gintcalc/bigintcalc.sty
Package: bigintcalc 2019/12/15 v1.5 Expandable calculations on big integers (HO
)
))
\Fld@menulength=\count304
\Field@Width=\dimen269
\Fld@charsize=\dimen270
Package hyperref Info: Hyper figures OFF on input line 6001.
Package hyperref Info: Link nesting OFF on input line 6006.
Package hyperref Info: Hyper index ON on input line 6009.
Package hyperref Info: backreferencing OFF on input line 6016.
Package hyperref Info: Link coloring OFF on input line 6021.
Package hyperref Info: Link coloring with OCG OFF on input line 6026.
Package hyperref Info: PDF/A mode OFF on input line 6031.
\Hy@abspage=\count305


Package hyperref Message: Stopped early.

)
Package hyperref Info: Driver (autodetected): hpdftex.

(/Users/bisrat/Library/Application Support/MiKTeX/texmfs/install/tex/latex/hype
rref/hpdftex.def
File: hpdftex.def 2022-05-17 v7.00q Hyperref driver for pdfTeX

(/Users/bisrat/Library/Application Support/MiKTeX/texmfs/install/tex/latex/base
/atveryend-ltx.sty
Package: atveryend-ltx 2020/08/19 v1.0a Emulation of the original atveryend pac
kage
with kernel methods
)
\Fld@listcount=\count306
\c@bookmark@seq@number=\count307

(/Users/bisrat/Library/Application Support/MiKTeX/texmfs/install/tex/latex/reru
nfilecheck/rerunfilecheck.sty
Package: rerunfilecheck 2019/12/05 v1.9 Rerun checks for auxiliary files (HO)

(/Users/bisrat/Library/Application Support/MiKTeX/texmfs/install/tex/generic/un
iquecounter/uniquecounter.sty
Package: uniquecounter 2019/12/15 v1.4 Provide unlimited unique counter (HO)
)
Package uniquecounter Info: New unique counter `rerunfilecheck' on input line 2
86.
))
(/Users/bisrat/Library/Application Support/MiKTeX/texmfs/install/tex/latex/beam
er/beamerbaserequires.sty
(/Users/bisrat/Library/Application Support/MiKTeX/texmfs/install/tex/latex/beam
er/beamerbasecompatibility.sty)
(/Users/bisrat/Library/Application Support/MiKTeX/texmfs/install/tex/latex/beam
er/beamerbasefont.sty
(/Users/bisrat/Library/Application Support/MiKTeX/texmfs/install/tex/latex/amsf
onts/amssymb.sty
Package: amssymb 2013/01/14 v3.01 AMS font symbols

(/Users/bisrat/Library/Application Support/MiKTeX/texmfs/install/tex/latex/amsf
onts/amsfonts.sty
Package: amsfonts 2013/01/14 v3.01 Basic AMSFonts support
\@emptytoks=\toks30
\symAMSa=\mathgroup4
\symAMSb=\mathgroup5
LaTeX Font Info:    Redeclaring math symbol \hbar on input line 98.
LaTeX Font Info:    Overwriting math alphabet `\mathfrak' in version `bold'
(Font)                  U/euf/m/n --> U/euf/b/n on input line 106.
))
(/Users/bisrat/Library/Application Support/MiKTeX/texmfs/install/tex/latex/sans
mathaccent/sansmathaccent.sty
Package: sansmathaccent 2020/01/31

(/Users/bisrat/Library/Application Support/MiKTeX/texmfs/install/tex/latex/koma
-script/scrlfile.sty
Package: scrlfile 2022/05/01 v3.36 KOMA-Script package (file load hooks)

(/Users/bisrat/Library/Application Support/MiKTeX/texmfs/install/tex/latex/koma
-script/scrlfile-hook.sty
Package: scrlfile-hook 2022/05/01 v3.36 KOMA-Script package (using LaTeX hooks)


(/Users/bisrat/Library/Application Support/MiKTeX/texmfs/install/tex/latex/koma
-script/scrlogo.sty
Package: scrlogo 2022/05/01 v3.36 KOMA-Script package (logo)
)))))
(/Users/bisrat/Library/Application Support/MiKTeX/texmfs/install/tex/latex/beam
er/beamerbasetranslator.sty
(/Users/bisrat/Library/Application Support/MiKTeX/texmfs/install/tex/latex/tran
slator/translator.sty
Package: translator 2021-05-31 v1.12d Easy translation of strings in LaTeX
))
(/Users/bisrat/Library/Application Support/MiKTeX/texmfs/install/tex/latex/beam
er/beamerbasemisc.sty)
(/Users/bisrat/Library/Application Support/MiKTeX/texmfs/install/tex/latex/beam
er/beamerbasetwoscreens.sty)
(/Users/bisrat/Library/Application Support/MiKTeX/texmfs/install/tex/latex/beam
er/beamerbaseoverlay.sty
\beamer@argscount=\count308
\beamer@lastskipcover=\skip53
\beamer@trivlistdepth=\count309
)
(/Users/bisrat/Library/Application Support/MiKTeX/texmfs/install/tex/latex/beam
er/beamerbasetitle.sty)
(/Users/bisrat/Library/Application Support/MiKTeX/texmfs/install/tex/latex/beam
er/beamerbasesection.sty
\c@lecture=\count310
\c@part=\count311
\c@section=\count312
\c@subsection=\count313
\c@subsubsection=\count314
)
(/Users/bisrat/Library/Application Support/MiKTeX/texmfs/install/tex/latex/beam
er/beamerbaseframe.sty
\beamer@framebox=\box68
\beamer@frametitlebox=\box69
\beamer@zoombox=\box70
\beamer@zoomcount=\count315
\beamer@zoomframecount=\count316
\beamer@frametextheight=\dimen271
\c@subsectionslide=\count317
\beamer@frametopskip=\skip54
\beamer@framebottomskip=\skip55
\beamer@frametopskipautobreak=\skip56
\beamer@framebottomskipautobreak=\skip57
\beamer@envbody=\toks31
\framewidth=\dimen272
\c@framenumber=\count318
)
(/Users/bisrat/Library/Application Support/MiKTeX/texmfs/install/tex/latex/beam
er/beamerbaseverbatim.sty
\beamer@verbatimfileout=\write4
)
(/Users/bisrat/Library/Application Support/MiKTeX/texmfs/install/tex/latex/beam
er/beamerbaseframesize.sty
\beamer@splitbox=\box71
\beamer@autobreakcount=\count319
\beamer@autobreaklastheight=\dimen273
\beamer@frametitletoks=\toks32
\beamer@framesubtitletoks=\toks33
)
(/Users/bisrat/Library/Application Support/MiKTeX/texmfs/install/tex/latex/beam
er/beamerbaseframecomponents.sty
\beamer@footins=\box72
)
(/Users/bisrat/Library/Application Support/MiKTeX/texmfs/install/tex/latex/beam
er/beamerbasecolor.sty)
(/Users/bisrat/Library/Application Support/MiKTeX/texmfs/install/tex/latex/beam
er/beamerbasenotes.sty
\beamer@frameboxcopy=\box73
)
(/Users/bisrat/Library/Application Support/MiKTeX/texmfs/install/tex/latex/beam
er/beamerbasetoc.sty)
(/Users/bisrat/Library/Application Support/MiKTeX/texmfs/install/tex/latex/beam
er/beamerbasetemplates.sty
\beamer@sbttoks=\toks34

(/Users/bisrat/Library/Application Support/MiKTeX/texmfs/install/tex/latex/beam
er/beamerbaseauxtemplates.sty
(/Users/bisrat/Library/Application Support/MiKTeX/texmfs/install/tex/latex/beam
er/beamerbaseboxes.sty
\bmb@box=\box74
\bmb@colorbox=\box75
\bmb@boxwidth=\dimen274
\bmb@boxheight=\dimen275
\bmb@prevheight=\dimen276
\bmb@temp=\dimen277
\bmb@dima=\dimen278
\bmb@dimb=\dimen279
\bmb@prevheight=\dimen280
)
\beamer@blockheadheight=\dimen281
))
(/Users/bisrat/Library/Application Support/MiKTeX/texmfs/install/tex/latex/beam
er/beamerbaselocalstructure.sty
(/Users/bisrat/Library/Application Support/MiKTeX/texmfs/install/tex/latex/tool
s/enumerate.sty
Package: enumerate 2015/07/23 v3.00 enumerate extensions (DPC)
\@enLab=\toks35
)
\beamer@bibiconwidth=\skip58
\c@figure=\count320
\c@table=\count321
\abovecaptionskip=\skip59
\belowcaptionskip=\skip60
)
(/Users/bisrat/Library/Application Support/MiKTeX/texmfs/install/tex/latex/beam
er/beamerbasenavigation.sty
\beamer@section@min@dim=\dimen282
)
(/Users/bisrat/Library/Application Support/MiKTeX/texmfs/install/tex/latex/beam
er/beamerbasetheorems.sty
(/Users/bisrat/Library/Application Support/MiKTeX/texmfs/install/tex/latex/amsm
ath/amsmath.sty
Package: amsmath 2022/04/08 v2.17n AMS math features
\@mathmargin=\skip61

For additional information on amsmath, use the `?' option.

(/Users/bisrat/Library/Application Support/MiKTeX/texmfs/install/tex/latex/amsm
ath/amstext.sty
Package: amstext 2021/08/26 v2.01 AMS text

(/Users/bisrat/Library/Application Support/MiKTeX/texmfs/install/tex/latex/amsm
ath/amsgen.sty
File: amsgen.sty 1999/11/30 v2.0 generic functions
\@emptytoks=\toks36
\ex@=\dimen283
))
(/Users/bisrat/Library/Application Support/MiKTeX/texmfs/install/tex/latex/amsm
ath/amsbsy.sty
Package: amsbsy 1999/11/29 v1.2d Bold Symbols
\pmbraise@=\dimen284
)
(/Users/bisrat/Library/Application Support/MiKTeX/texmfs/install/tex/latex/amsm
ath/amsopn.sty
Package: amsopn 2022/04/08 v2.04 operator names
)
\inf@bad=\count322
LaTeX Info: Redefining \frac on input line 234.
\uproot@=\count323
\leftroot@=\count324
LaTeX Info: Redefining \overline on input line 399.
LaTeX Info: Redefining \colon on input line 410.
\classnum@=\count325
\DOTSCASE@=\count326
LaTeX Info: Redefining \ldots on input line 496.
LaTeX Info: Redefining \dots on input line 499.
LaTeX Info: Redefining \cdots on input line 620.
\Mathstrutbox@=\box76
\strutbox@=\box77
LaTeX Info: Redefining \big on input line 722.
LaTeX Info: Redefining \Big on input line 723.
LaTeX Info: Redefining \bigg on input line 724.
LaTeX Info: Redefining \Bigg on input line 725.
\big@size=\dimen285
LaTeX Font Info:    Redeclaring font encoding OML on input line 743.
LaTeX Font Info:    Redeclaring font encoding OMS on input line 744.
\macc@depth=\count327
LaTeX Info: Redefining \bmod on input line 905.
LaTeX Info: Redefining \pmod on input line 910.
LaTeX Info: Redefining \smash on input line 940.
LaTeX Info: Redefining \relbar on input line 970.
LaTeX Info: Redefining \Relbar on input line 971.
\c@MaxMatrixCols=\count328
\dotsspace@=\muskip17
\c@parentequation=\count329
\dspbrk@lvl=\count330
\tag@help=\toks37
\row@=\count331
\column@=\count332
\maxfields@=\count333
\andhelp@=\toks38
\eqnshift@=\dimen286
\alignsep@=\dimen287
\tagshift@=\dimen288
\tagwidth@=\dimen289
\totwidth@=\dimen290
\lineht@=\dimen291
\@envbody=\toks39
\multlinegap=\skip62
\multlinetaggap=\skip63
\mathdisplay@stack=\toks40
LaTeX Info: Redefining \[ on input line 2953.
LaTeX Info: Redefining \] on input line 2954.
)
(/Users/bisrat/Library/Application Support/MiKTeX/texmfs/install/tex/latex/amsc
ls/amsthm.sty
Package: amsthm 2020/05/29 v2.20.6
\thm@style=\toks41
\thm@bodyfont=\toks42
\thm@headfont=\toks43
\thm@notefont=\toks44
\thm@headpunct=\toks45
\thm@preskip=\skip64
\thm@postskip=\skip65
\thm@headsep=\skip66
\dth@everypar=\toks46
)
\c@theorem=\count334
)
(/Users/bisrat/Library/Application Support/MiKTeX/texmfs/install/tex/latex/beam
er/beamerbasethemes.sty))
(/Users/bisrat/Library/Application Support/MiKTeX/texmfs/install/tex/latex/beam
er/beamerthemedefault.sty
(/Users/bisrat/Library/Application Support/MiKTeX/texmfs/install/tex/latex/beam
er/beamerfontthemedefault.sty)
(/Users/bisrat/Library/Application Support/MiKTeX/texmfs/install/tex/latex/beam
er/beamercolorthemedefault.sty)
(/Users/bisrat/Library/Application Support/MiKTeX/texmfs/install/tex/latex/beam
er/beamerinnerthemedefault.sty
\beamer@dima=\dimen292
\beamer@dimb=\dimen293
)
(/Users/bisrat/Library/Application Support/MiKTeX/texmfs/install/tex/latex/beam
er/beamerouterthemedefault.sty)))
(/Users/bisrat/Library/Application Support/MiKTeX/texmfs/install/tex/latex/beam
er/beamerthemeFrankfurt.sty
(/Users/bisrat/Library/Application Support/MiKTeX/texmfs/install/tex/latex/beam
er/beamerouterthemesmoothbars.sty)
(/Users/bisrat/Library/Application Support/MiKTeX/texmfs/install/tex/latex/beam
er/beamerinnerthemerounded.sty)
(/Users/bisrat/Library/Application Support/MiKTeX/texmfs/install/tex/latex/beam
er/beamercolorthemeorchid.sty)
(/Users/bisrat/Library/Application Support/MiKTeX/texmfs/install/tex/latex/beam
er/beamercolorthemewhale.sty))
(/Users/bisrat/Library/Application Support/MiKTeX/texmfs/install/tex/latex/beam
er/beamerinnerthemerectangles.sty) (beamercolorthemeilr.sty
Package: beamercolorthemeilr 2021/03/15 v0.1.1 A ilr colour theme for Beamer pr
esentations Bisrat Gebrekidan
)
(/Users/bisrat/Library/Application Support/MiKTeX/texmfs/install/tex/latex/jkna
ppen/mathrsfs.sty
Package: mathrsfs 1996/01/01 Math RSFS package v1.0 (jk)
\symrsfs=\mathgroup6
)
(/Users/bisrat/Library/Application Support/MiKTeX/texmfs/install/tex/latex/pgf/
frontendlayer/tikz.sty
(/Users/bisrat/Library/Application Support/MiKTeX/texmfs/install/tex/latex/pgf/
basiclayer/pgf.sty
Package: pgf 2021/05/15 v3.1.9a (3.1.9a)

(/Users/bisrat/Library/Application Support/MiKTeX/texmfs/install/tex/generic/pg
f/modules/pgfmoduleshapes.code.tex
File: pgfmoduleshapes.code.tex 2021/05/15 v3.1.9a (3.1.9a)
\pgfnodeparttextbox=\box78
)
(/Users/bisrat/Library/Application Support/MiKTeX/texmfs/install/tex/generic/pg
f/modules/pgfmoduleplot.code.tex
File: pgfmoduleplot.code.tex 2021/05/15 v3.1.9a (3.1.9a)
)
(/Users/bisrat/Library/Application Support/MiKTeX/texmfs/install/tex/latex/pgf/
compatibility/pgfcomp-version-0-65.sty
Package: pgfcomp-version-0-65 2021/05/15 v3.1.9a (3.1.9a)
\pgf@nodesepstart=\dimen294
\pgf@nodesepend=\dimen295
)
(/Users/bisrat/Library/Application Support/MiKTeX/texmfs/install/tex/latex/pgf/
compatibility/pgfcomp-version-1-18.sty
Package: pgfcomp-version-1-18 2021/05/15 v3.1.9a (3.1.9a)
))
(/Users/bisrat/Library/Application Support/MiKTeX/texmfs/install/tex/latex/pgf/
utilities/pgffor.sty
(/Users/bisrat/Library/Application Support/MiKTeX/texmfs/install/tex/generic/pg
f/utilities/pgffor.code.tex
Package: pgffor 2021/05/15 v3.1.9a (3.1.9a)

(/Users/bisrat/Library/Application Support/MiKTeX/texmfs/install/tex/generic/pg
f/math/pgfmath.code.tex)
\pgffor@iter=\dimen296
\pgffor@skip=\dimen297
\pgffor@stack=\toks47
\pgffor@toks=\toks48
))
(/Users/bisrat/Library/Application Support/MiKTeX/texmfs/install/tex/generic/pg
f/frontendlayer/tikz/tikz.code.tex
Package: tikz 2021/05/15 v3.1.9a (3.1.9a)

(/Users/bisrat/Library/Application Support/MiKTeX/texmfs/install/tex/generic/pg
f/libraries/pgflibraryplothandlers.code.tex
File: pgflibraryplothandlers.code.tex 2021/05/15 v3.1.9a (3.1.9a)
\pgf@plot@mark@count=\count335
\pgfplotmarksize=\dimen298
)
\tikz@lastx=\dimen299
\tikz@lasty=\dimen300
\tikz@lastxsaved=\dimen301
\tikz@lastysaved=\dimen302
\tikz@lastmovetox=\dimen303
\tikz@lastmovetoy=\dimen304
\tikzleveldistance=\dimen305
\tikzsiblingdistance=\dimen306
\tikz@figbox=\box79
\tikz@figbox@bg=\box80
\tikz@tempbox=\box81
\tikz@tempbox@bg=\box82
\tikztreelevel=\count336
\tikznumberofchildren=\count337
\tikznumberofcurrentchild=\count338
\tikz@fig@count=\count339

(/Users/bisrat/Library/Application Support/MiKTeX/texmfs/install/tex/generic/pg
f/modules/pgfmodulematrix.code.tex
File: pgfmodulematrix.code.tex 2021/05/15 v3.1.9a (3.1.9a)
\pgfmatrixcurrentrow=\count340
\pgfmatrixcurrentcolumn=\count341
\pgf@matrix@numberofcolumns=\count342
)
\tikz@expandcount=\count343

(/Users/bisrat/Library/Application Support/MiKTeX/texmfs/install/tex/generic/pg
f/frontendlayer/tikz/libraries/tikzlibrarytopaths.code.tex
File: tikzlibrarytopaths.code.tex 2021/05/15 v3.1.9a (3.1.9a)
)))
(/Users/bisrat/Library/Application Support/MiKTeX/texmfs/install/tex/generic/pg
f/frontendlayer/tikz/libraries/tikzlibraryarrows.code.tex
File: tikzlibraryarrows.code.tex 2021/05/15 v3.1.9a (3.1.9a)

(/Users/bisrat/Library/Application Support/MiKTeX/texmfs/install/tex/generic/pg
f/libraries/pgflibraryarrows.code.tex
File: pgflibraryarrows.code.tex 2021/05/15 v3.1.9a (3.1.9a)
\arrowsize=\dimen307
))
(/Users/bisrat/Library/Application Support/MiKTeX/texmfs/install/tex/generic/pg
f/frontendlayer/tikz/libraries/tikzlibrarycalc.code.tex
File: tikzlibrarycalc.code.tex 2021/05/15 v3.1.9a (3.1.9a)
)
(/Users/bisrat/Library/Application Support/MiKTeX/texmfs/install/tex/latex/rels
ize/relsize.sty
Package: relsize 2013/03/29 ver 4.1
)
(/Users/bisrat/Library/Application Support/MiKTeX/texmfs/install/tex/latex/l3ba
ckend/l3backend-pdftex.def
File: l3backend-pdftex.def 2022-04-20 L3 backend support: PDF output (pdfTeX)
\l__color_backend_stack_int=\count344
\l__pdf_internal_box=\box83
) (presentation.aux)
\openout1 = `presentation.aux'.

LaTeX Font Info:    Checking defaults for OML/cmm/m/it on input line 77.
LaTeX Font Info:    ... okay on input line 77.
LaTeX Font Info:    Checking defaults for OMS/cmsy/m/n on input line 77.
LaTeX Font Info:    ... okay on input line 77.
LaTeX Font Info:    Checking defaults for OT1/cmr/m/n on input line 77.
LaTeX Font Info:    ... okay on input line 77.
LaTeX Font Info:    Checking defaults for T1/cmr/m/n on input line 77.
LaTeX Font Info:    ... okay on input line 77.
LaTeX Font Info:    Checking defaults for TS1/cmr/m/n on input line 77.
LaTeX Font Info:    ... okay on input line 77.
LaTeX Font Info:    Checking defaults for OMX/cmex/m/n on input line 77.
LaTeX Font Info:    ... okay on input line 77.
LaTeX Font Info:    Checking defaults for U/cmr/m/n on input line 77.
LaTeX Font Info:    ... okay on input line 77.
LaTeX Font Info:    Checking defaults for PD1/pdf/m/n on input line 77.
LaTeX Font Info:    ... okay on input line 77.
LaTeX Font Info:    Checking defaults for PU/pdf/m/n on input line 77.
LaTeX Font Info:    ... okay on input line 77.

*geometry* driver: auto-detecting
*geometry* detected driver: pdftex
*geometry* verbose mode - [ preamble ] result:
* driver: pdftex
* paper: custom
* layout: <same size as paper>
* layoutoffset:(h,v)=(0.0pt,0.0pt)
* modes: includehead includefoot 
* h-part:(L,W,R)=(28.45274pt, 307.28987pt, 28.45274pt)
* v-part:(T,H,B)=(0.0pt, 273.14662pt, 0.0pt)
* \paperwidth=364.19536pt
* \paperheight=273.14662pt
* \textwidth=307.28987pt
* \textheight=244.6939pt
* \oddsidemargin=-43.81725pt
* \evensidemargin=-43.81725pt
* \topmargin=-72.26999pt
* \headheight=14.22636pt
* \headsep=0.0pt
* \topskip=11.0pt
* \footskip=14.22636pt
* \marginparwidth=4.0pt
* \marginparsep=10.0pt
* \columnsep=10.0pt
* \skip\footins=10.0pt plus 4.0pt minus 2.0pt
* \hoffset=0.0pt
* \voffset=0.0pt
* \mag=1000
* \@twocolumnfalse
* \@twosidefalse
* \@mparswitchfalse
* \@reversemarginfalse
* (1in=72.27pt=25.4mm, 1cm=28.453pt)


(/Users/bisrat/Library/Application Support/MiKTeX/texmfs/install/tex/context/ba
se/mkii/supp-pdf.mkii
[Loading MPS to PDF converter (version 2006.09.02).]
\scratchcounter=\count345
\scratchdimen=\dimen308
\scratchbox=\box84
\nofMPsegments=\count346
\nofMParguments=\count347
\everyMPshowfont=\toks49
\MPscratchCnt=\count348
\MPscratchDim=\dimen309
\MPnumerator=\count349
\makeMPintoPDFobject=\count350
\everyMPtoPDFconversion=\toks50
)
(/Users/bisrat/Library/Application Support/MiKTeX/texmfs/install/tex/latex/epst
opdf-pkg/epstopdf-base.sty
Package: epstopdf-base 2020-01-24 v2.11 Base part for package epstopdf
Package epstopdf-base Info: Redefining graphics rule for `.eps' on input line 4
85.

(/Users/bisrat/Library/Application Support/MiKTeX/texmfs/install/tex/latex/00mi
ktex/epstopdf-sys.cfg
File: epstopdf-sys.cfg 2021/03/18 v2.0 Configuration of epstopdf for MiKTeX
))
Package hyperref Info: Link coloring OFF on input line 77.
 (presentation.out) (presentation.out)
\@outlinefile=\write5
\openout5 = `presentation.out'.

LaTeX Font Info:    Overwriting symbol font `operators' in version `normal'
(Font)                  OT1/cmr/m/n --> OT1/cmss/m/n on input line 77.
LaTeX Font Info:    Overwriting symbol font `operators' in version `bold'
(Font)                  OT1/cmr/bx/n --> OT1/cmss/b/n on input line 77.
\symnumbers=\mathgroup7
\sympureletters=\mathgroup8
LaTeX Font Info:    Overwriting math alphabet `\mathrm' in version `normal'
(Font)                  OT1/cmss/m/n --> OT1/cmr/m/n on input line 77.
LaTeX Font Info:    Redeclaring math alphabet \mathbf on input line 77.
LaTeX Font Info:    Overwriting math alphabet `\mathbf' in version `normal'
(Font)                  OT1/cmr/bx/n --> OT1/cmss/b/n on input line 77.
LaTeX Font Info:    Overwriting math alphabet `\mathbf' in version `bold'
(Font)                  OT1/cmr/bx/n --> OT1/cmss/b/n on input line 77.
LaTeX Font Info:    Redeclaring math alphabet \mathsf on input line 77.
LaTeX Font Info:    Overwriting math alphabet `\mathsf' in version `normal'
(Font)                  OT1/cmss/m/n --> OT1/cmss/m/n on input line 77.
LaTeX Font Info:    Overwriting math alphabet `\mathsf' in version `bold'
(Font)                  OT1/cmss/bx/n --> OT1/cmss/m/n on input line 77.
LaTeX Font Info:    Redeclaring math alphabet \mathit on input line 77.
LaTeX Font Info:    Overwriting math alphabet `\mathit' in version `normal'
(Font)                  OT1/cmr/m/it --> OT1/cmss/m/it on input line 77.
LaTeX Font Info:    Overwriting math alphabet `\mathit' in version `bold'
(Font)                  OT1/cmr/bx/it --> OT1/cmss/m/it on input line 77.
LaTeX Font Info:    Redeclaring math alphabet \mathtt on input line 77.
LaTeX Font Info:    Overwriting math alphabet `\mathtt' in version `normal'
(Font)                  OT1/cmtt/m/n --> OT1/cmtt/m/n on input line 77.
LaTeX Font Info:    Overwriting math alphabet `\mathtt' in version `bold'
(Font)                  OT1/cmtt/m/n --> OT1/cmtt/m/n on input line 77.
LaTeX Font Info:    Overwriting symbol font `numbers' in version `bold'
(Font)                  OT1/cmss/m/n --> OT1/cmss/b/n on input line 77.
LaTeX Font Info:    Overwriting symbol font `pureletters' in version `bold'
(Font)                  OT1/cmss/m/it --> OT1/cmss/b/it on input line 77.
LaTeX Font Info:    Overwriting math alphabet `\mathrm' in version `bold'
(Font)                  OT1/cmss/b/n --> OT1/cmr/b/n on input line 77.
LaTeX Font Info:    Overwriting math alphabet `\mathbf' in version `bold'
(Font)                  OT1/cmss/b/n --> OT1/cmss/b/n on input line 77.
LaTeX Font Info:    Overwriting math alphabet `\mathsf' in version `bold'
(Font)                  OT1/cmss/m/n --> OT1/cmss/b/n on input line 77.
LaTeX Font Info:    Overwriting math alphabet `\mathit' in version `bold'
(Font)                  OT1/cmss/m/it --> OT1/cmss/b/it on input line 77.
LaTeX Font Info:    Overwriting math alphabet `\mathtt' in version `bold'
(Font)                  OT1/cmtt/m/n --> OT1/cmtt/b/n on input line 77.
LaTeX Font Info:    Redeclaring symbol font `pureletters' on input line 77.
LaTeX Font Info:    Overwriting symbol font `pureletters' in version `normal'
(Font)                  OT1/cmss/m/it --> OT1/mathkerncmss/m/sl on input line 7
7.
LaTeX Font Info:    Overwriting symbol font `pureletters' in version `bold'
(Font)                  OT1/cmss/b/it --> OT1/mathkerncmss/m/sl on input line 7
7.
LaTeX Font Info:    Overwriting symbol font `pureletters' in version `bold'
(Font)                  OT1/mathkerncmss/m/sl --> OT1/mathkerncmss/bx/sl on inp
ut line 77.

(/Users/bisrat/Library/Application Support/MiKTeX/texmfs/install/tex/latex/tran
slator/translator-basic-dictionary-English.dict
Dictionary: translator-basic-dictionary, Language: English 
)
(/Users/bisrat/Library/Application Support/MiKTeX/texmfs/install/tex/latex/tran
slator/translator-bibliography-dictionary-English.dict
Dictionary: translator-bibliography-dictionary, Language: English 
)
(/Users/bisrat/Library/Application Support/MiKTeX/texmfs/install/tex/latex/tran
slator/translator-environment-dictionary-English.dict
Dictionary: translator-environment-dictionary, Language: English 
)
(/Users/bisrat/Library/Application Support/MiKTeX/texmfs/install/tex/latex/tran
slator/translator-months-dictionary-English.dict
Dictionary: translator-months-dictionary, Language: English 
)
(/Users/bisrat/Library/Application Support/MiKTeX/texmfs/install/tex/latex/tran
slator/translator-numbers-dictionary-English.dict
Dictionary: translator-numbers-dictionary, Language: English 
)
(/Users/bisrat/Library/Application Support/MiKTeX/texmfs/install/tex/latex/tran
slator/translator-theorem-dictionary-English.dict
Dictionary: translator-theorem-dictionary, Language: English 
) (presentation.nav)
LaTeX Font Info:    Trying to load font information for U+msa on input line 77.


(/Users/bisrat/Library/Application Support/MiKTeX/texmfs/install/tex/latex/amsf
onts/umsa.fd
File: umsa.fd 2013/01/14 v3.01 AMS symbols A
)
LaTeX Font Info:    Trying to load font information for U+msb on input line 77.


(/Users/bisrat/Library/Application Support/MiKTeX/texmfs/install/tex/latex/amsf
onts/umsb.fd
File: umsb.fd 2013/01/14 v3.01 AMS symbols B
)
LaTeX Font Info:    Trying to load font information for U+rsfs on input line 77
.

(/Users/bisrat/Library/Application Support/MiKTeX/texmfs/install/tex/latex/jkna
ppen/ursfs.fd
File: ursfs.fd 1998/03/24 rsfs font definition file (jk)
)
LaTeX Font Info:    Trying to load font information for OT1+mathkerncmss on inp
ut line 77.

(/Users/bisrat/Library/Application Support/MiKTeX/texmfs/install/tex/latex/sans
mathaccent/ot1mathkerncmss.fd
File: ot1mathkerncmss.fd 2020/01/31 Fontinst v1.933 font definitions for OT1/ma
thkerncmss.
)
LaTeX Font Info:    Trying to load font information for OMS+cmss on input line 
81.
LaTeX Font Info:    No file OMScmss.fd. on input line 81.


LaTeX Font Warning: Font shape `OMS/cmss/m/n' undefined
(Font)              using `OMS/cmsy/m/n' instead
(Font)              for symbol `textbackslash' on input line 81.

<logo_cmb.png, id=84, 353.8821pt x 78.2925pt>
File: logo_cmb.png Graphic file (type png)
<use logo_cmb.png>
Package pdftex.def Info: logo_cmb.png  used on input line 81.
(pdftex.def)             Requested size: 106.16544pt x 23.48792pt.
<bonn2.png, id=85, 1657.5773pt x 551.75365pt>
File: bonn2.png Graphic file (type png)
<use bonn2.png>
Package pdftex.def Info: bonn2.png  used on input line 81.
(pdftex.def)             Requested size: 364.18758pt x 85.35254pt.

Overfull \hbox (28.44496pt too wide) in paragraph at lines 81--81
 []| [] 
 []

[1

{/Users/bisrat/Library/Application Support/MiKTeX/texmfs/data/fonts/map/pdftex/
pdftex.map} <./logo_cmb.png> <./bonn2.png>] (presentation.toc) [2

] [3

]
[4

] [5

]
<studyArea.png, id=206, 819.06pt x 611.05211pt>
File: studyArea.png Graphic file (type png)
<use studyArea.png>
Package pdftex.def Info: studyArea.png  used on input line 213.
(pdftex.def)             Requested size: 245.7199pt x 183.31705pt.
 [6

 <./studyArea.png>]
LaTeX Font Info:    Font shape `OT1/cmss/b/n' in size <10.95> not available
(Font)              Font shape `OT1/cmss/bx/n' tried instead on input line 218.

LaTeX Font Info:    Font shape `OT1/cmss/b/n' in size <8> not available
(Font)              Font shape `OT1/cmss/bx/n' tried instead on input line 218.

LaTeX Font Info:    Font shape `OT1/cmss/b/n' in size <6> not available
(Font)              Font shape `OT1/cmss/bx/n' tried instead on input line 218.

LaTeX Font Info:    Trying to load font information for U+euf on input line 218
.

(/Users/bisrat/Library/Application Support/MiKTeX/texmfs/install/tex/latex/amsf
onts/ueuf.fd
File: ueuf.fd 2013/01/14 v3.01 Euler Fraktur
)
LaTeX Font Info:    Font shape `OT1/cmss/b/n' in size <5> not available
(Font)              Font shape `OT1/cmss/bx/n' tried instead on input line 218.

 [7

] [8

]
<image4.png, id=274, 1204.5pt x 803.0pt>
File: image4.png Graphic file (type png)
<use image4.png>
Package pdftex.def Info: image4.png  used on input line 242.
(pdftex.def)             Requested size: 168.62885pt x 112.41924pt.

Overfull \hbox (21.13103pt too wide) in paragraph at lines 242--242
 [] 
 []

<image5.png, id=275, 1606.0pt x 1204.5pt>
File: image5.png Graphic file (type png)
<use image5.png>
Package pdftex.def Info: image5.png  used on input line 242.
(pdftex.def)             Requested size: 150.95422pt x 113.21565pt.

Overfull \hbox (3.4564pt too wide) in paragraph at lines 242--242
 [] 
 []

[9

 <./image4.png> <./image5.png>]
LaTeX Font Info:    Font shape `OT1/cmss/b/n' in size <10> not available
(Font)              Font shape `OT1/cmss/bx/n' tried instead on input line 268.

LaTeX Font Info:    Font shape `OT1/cmss/b/n' in size <7> not available
(Font)              Font shape `OT1/cmss/bx/n' tried instead on input line 268.

LaTeX Font Info:    Trying to load font information for OML+cmss on input line 
268.
LaTeX Font Info:    No file OMLcmss.fd. on input line 268.


LaTeX Font Warning: Font shape `OML/cmss/m/n' undefined
(Font)              using `OML/cmm/m/it' instead
(Font)              for symbol `textless' on input line 268.

[10

] [11

] [12

 </Users/bisrat/Library/Application Support/MiKTeX/texmfs/install/tex/latex/bea
mer/beamericonbook.pdf> </Users/bisrat/Library/Application Support/MiKTeX/texmf
s/install/tex/latex/beamer/beamericonarticle.pdf>]
\tf@nav=\write6
\openout6 = `presentation.nav'.

\tf@toc=\write7
\openout7 = `presentation.toc'.

\tf@snm=\write8
\openout8 = `presentation.snm'.


(presentation.aux)

LaTeX Font Warning: Some font shapes were not available, defaults substituted.

Package rerunfilecheck Info: File `presentation.out' has not changed.
(rerunfilecheck)             Checksum: 4B5DE32DAB5F2CFD8D074BEB8FE13971;1240.
 ) 
Here is how much of TeX's memory you used:
 26352 strings out of 478355
 550914 string characters out of 2828181
 804408 words of memory out of 3000000
 44164 multiletter control sequences out of 15000+600000
 488209 words of font info for 98 fonts, out of 8000000 for 9000
 1141 hyphenation exceptions out of 8191
 128i,23n,122p,995b,812s stack positions out of 10000i,1000n,20000p,200000b,80000s
</Users/bisrat/Library/Application Support/MiKTeX/texmfs/install/fonts/type1/
public/amsfonts/cm/cmex10.pfb></Users/bisrat/Library/Application Support/MiKTeX
/texmfs/install/fonts/type1/public/amsfonts/cm/cmmi10.pfb></Users/bisrat/Librar
y/Application Support/MiKTeX/texmfs/install/fonts/type1/public/amsfonts/cm/cmmi
8.pfb></Users/bisrat/Library/Application Support/MiKTeX/texmfs/install/fonts/ty
pe1/public/amsfonts/cm/cmss10.pfb></Users/bisrat/Library/Application Support/Mi
KTeX/texmfs/install/fonts/type1/public/amsfonts/cm/cmss12.pfb></Users/bisrat/Li
brary/Application Support/MiKTeX/texmfs/install/fonts/type1/public/amsfonts/cm/
cmss8.pfb></Users/bisrat/Library/Application Support/MiKTeX/texmfs/install/font
s/type1/public/amsfonts/cm/cmss9.pfb></Users/bisrat/Library/Application Support
/MiKTeX/texmfs/install/fonts/type1/public/amsfonts/cm/cmssbx10.pfb></Users/bisr
at/Library/Application Support/MiKTeX/texmfs/install/fonts/type1/public/amsfont
s/cm/cmssi10.pfb></Users/bisrat/Library/Application Support/MiKTeX/texmfs/insta
ll/fonts/type1/public/amsfonts/cm/cmssi8.pfb></Users/bisrat/Library/Application
 Support/MiKTeX/texmfs/install/fonts/type1/public/amsfonts/cm/cmsy10.pfb></User
s/bisrat/Library/Application Support/MiKTeX/texmfs/install/fonts/type1/public/a
msfonts/cm/cmsy8.pfb></Users/bisrat/Library/Application Support/MiKTeX/texmfs/i
nstall/fonts/type1/public/amsfonts/euler/eufm10.pfb></Users/bisrat/Library/Appl
ication Support/MiKTeX/texmfs/install/fonts/type1/public/rsfs/rsfs10.pfb>
Output written on presentation.pdf (12 pages, 4340012 bytes).
PDF statistics:
 445 PDF objects out of 1000 (max. 8388607)
 39 named destinations out of 1000 (max. 500000)
 191 words of extra memory for PDF output out of 10000 (max. 10000000)

